<?xml version="1.0" encoding="UTF-8"?>
<!-- Generated by org.testng.reporters.JUnitReportReporter -->
<testsuite hostname="DESKTOP-DHSQEQD" failures="0" tests="1" name="Testcases.LoginApplication" time="123.449" errors="0" timestamp="2022-06-16T16:47:20 IST" skipped="0">
  <testcase classname="Testcases.LoginApplication" name="Login" time="123.449"/>
  <system-out/>
</testsuite> <!-- Testcases.LoginApplication -->
